0 info it worked if it ends with ok
1 verbose cli [ 'node', '/usr/local/bin/npm', 'publish' ]
2 info using npm@1.2.14
3 info using node@v0.8.15
4 verbose node symlink /usr/local/bin/node
5 verbose publish [ '.' ]
6 verbose read json /Users/alexander/git/wrapper-commonjs/package.json
7 error Failed to parse json
7 error Unexpected token }
8 error File: /Users/alexander/git/wrapper-commonjs/package.json
9 error Failed to parse package.json data.
9 error package.json must be actual JSON, not just JavaScript.
9 error
9 error This is not a bug in npm.
9 error Tell the package author to fix their package.json file. JSON.parse
10 error System Darwin 12.2.1
11 error command "node" "/usr/local/bin/npm" "publish"
12 error cwd /Users/alexander/git/wrapper-commonjs
13 error node -v v0.8.15
14 error npm -v 1.2.14
15 error file /Users/alexander/git/wrapper-commonjs/package.json
16 error code EJSONPARSE
17 verbose exit [ 1, true ]
